{
  "RSpec": {
    "coverage": {
      "/home/daniel/poc/quake_log_parser/spec/domain/entities/death_causes_game_spec.rb": {
        "lines": [
          1,
          null,
          1,
          3,
          null,
          1,
          1,
          null,
          null,
          1,
          4,
          null,
          null
        ]
      },
      "/home/daniel/poc/quake_log_parser/spec/domain/entities/game_spec.rb": {
        "lines": [
          1,
          null,
          1,
          2,
          null,
          1,
          1,
          null,
          null
        ]
      },
      "/home/daniel/poc/quake_log_parser/spec/domain/entities/games_player_spec.rb": {
        "lines": [
          1,
          null,
          1,
          4,
          null,
          1,
          1,
          null,
          null,
          1,
          4,
          null,
          null,
          1,
          4,
          null,
          null
        ]
      },
      "/home/daniel/poc/quake_log_parser/spec/domain/entities/player_spec.rb": {
        "lines": [
          1,
          null,
          1,
          2,
          null,
          1,
          1,
          null,
          null
        ]
      },
      "/home/daniel/poc/quake_log_parser/spec/infra/query_objects/games_player_query_spec.rb": {
        "lines": [
          1,
          null,
          1,
          1,
          2,
          null,
          1,
          1,
          null,
          null
        ]
      },
      "/home/daniel/poc/quake_log_parser/app/layers/infra/query_objects/games_player_query.rb": {
        "lines": [
          1,
          1,
          1,
          1,
          1,
          null,
          1,
          null,
          1,
          null,
          null,
          null,
          null,
          null,
          null,
          null,
          null
        ]
      },
      "/home/daniel/poc/quake_log_parser/spec/infra/repositories/death_cause_game_repository_spec.rb": {
        "lines": [
          1,
          null,
          1,
          2,
          4,
          null,
          1,
          1,
          1,
          null,
          null,
          1,
          1,
          null,
          null,
          1,
          1,
          null,
          null
        ]
      },
      "/home/daniel/poc/quake_log_parser/app/layers/infra/repositories/death_cause_game_repository.rb": {
        "lines": [
          1,
          1,
          1,
          1,
          8,
          null,
          null,
          1,
          1070,
          1070,
          null,
          null,
          1,
          1071,
          null,
          null,
          null,
          null
        ]
      },
      "/home/daniel/poc/quake_log_parser/app/layers/domain/interfaces/repositories/i_death_cause_game_repository.rb": {
        "lines": [
          1,
          1,
          1,
          1,
          1,
          0,
          null,
          null,
          1,
          0,
          null,
          null,
          null,
          null,
          null
        ]
      },
      "/home/daniel/poc/quake_log_parser/spec/infra/repositories/death_cause_repository_spec.rb": {
        "lines": [
          1,
          null,
          1,
          3,
          5,
          null,
          1,
          1,
          null,
          null,
          1,
          1,
          null,
          null,
          1,
          1,
          null,
          null,
          1,
          4,
          null,
          null
        ]
      },
      "/home/daniel/poc/quake_log_parser/app/layers/infra/repositories/death_cause_repository.rb": {
        "lines": [
          1,
          1,
          1,
          1,
          12,
          null,
          null,
          1,
          3,
          null,
          null,
          1,
          1071,
          null,
          null,
          null,
          null,
          null,
          null
        ]
      },
      "/home/daniel/poc/quake_log_parser/app/layers/domain/interfaces/repositories/i_death_cause_repository.rb": {
        "lines": [
          1,
          1,
          1,
          1,
          1,
          0,
          null,
          null,
          1,
          0,
          null,
          null,
          null,
          null,
          null
        ]
      },
      "/home/daniel/poc/quake_log_parser/spec/infra/repositories/game_player_repository_spec.rb": {
        "lines": [
          1,
          null,
          1,
          3,
          5,
          null,
          1,
          1,
          1,
          null,
          null,
          1,
          1,
          null,
          null,
          1,
          1,
          null,
          null,
          1,
          1,
          null,
          null
        ]
      },
      "/home/daniel/poc/quake_log_parser/app/layers/infra/repositories/game_player_repository.rb": {
        "lines": [
          1,
          1,
          1,
          1,
          10,
          null,
          null,
          1,
          1195,
          1195,
          null,
          null,
          1,
          1,
          null,
          null,
          1,
          1071,
          null,
          null,
          null,
          null
        ]
      },
      "/home/daniel/poc/quake_log_parser/app/layers/domain/interfaces/repositories/i_player_repository.rb": {
        "lines": [
          1,
          1,
          1,
          1,
          1,
          0,
          null,
          null,
          1,
          0,
          null,
          null,
          1,
          0,
          null,
          null,
          1,
          0,
          null,
          null,
          null,
          null,
          null
        ]
      },
      "/home/daniel/poc/quake_log_parser/spec/infra/repositories/game_repository_spec.rb": {
        "lines": [
          1,
          null,
          1,
          2,
          6,
          null,
          1,
          1,
          1,
          null,
          null,
          1,
          1,
          null,
          null,
          1,
          1,
          1,
          null,
          null,
          1,
          1,
          null,
          null,
          1,
          1,
          null,
          null,
          null
        ]
      },
      "/home/daniel/poc/quake_log_parser/app/layers/infra/repositories/game_repository.rb": {
        "lines": [
          1,
          1,
          1,
          1,
          12,
          null,
          null,
          1,
          1091,
          null,
          null,
          1,
          2,
          null,
          null,
          1,
          2,
          null,
          null,
          null,
          null,
          null,
          null
        ]
      },
      "/home/daniel/poc/quake_log_parser/app/layers/domain/interfaces/repositories/i_game_repository.rb": {
        "lines": [
          1,
          1,
          1,
          1,
          1,
          0,
          null,
          null,
          1,
          0,
          null,
          null,
          1,
          0,
          null,
          null,
          1,
          0,
          null,
          null,
          null,
          null,
          null
        ]
      },
      "/home/daniel/poc/quake_log_parser/spec/infra/repositories/player_repository_spec.rb": {
        "lines": [
          1,
          null,
          1,
          2,
          4,
          null,
          1,
          1,
          1,
          null,
          null,
          1,
          1,
          null,
          null,
          1,
          1,
          null,
          null
        ]
      },
      "/home/daniel/poc/quake_log_parser/app/layers/infra/repositories/player_repository.rb": {
        "lines": [
          1,
          1,
          1,
          1,
          12,
          null,
          null,
          1,
          14,
          14,
          null,
          null,
          1,
          0,
          null,
          null,
          1,
          1271,
          null,
          null,
          1,
          1,
          null,
          null,
          null,
          null,
          null,
          null
        ]
      },
      "/home/daniel/poc/quake_log_parser/spec/services/player_service_spec.rb": {
        "lines": [
          1,
          null,
          1,
          3,
          1,
          null,
          1,
          1,
          1,
          null,
          null,
          1,
          1,
          null,
          null
        ]
      },
      "/home/daniel/poc/quake_log_parser/app/layers/services/player_service.rb": {
        "lines": [
          1,
          1,
          1,
          null,
          1,
          1,
          1,
          null,
          null,
          1,
          1,
          null,
          null,
          null
        ]
      },
      "/home/daniel/poc/quake_log_parser/app/layers/domain/interfaces/services/i_player_service.rb": {
        "lines": [
          1,
          1,
          1,
          1,
          1,
          0,
          null,
          null,
          1,
          0,
          null,
          null,
          1,
          0,
          null,
          null,
          null,
          null,
          null
        ]
      },
      "/home/daniel/poc/quake_log_parser/spec/services/quake_log_service_spec.rb": {
        "lines": [
          1,
          null,
          1,
          2,
          2,
          null,
          1,
          1,
          null,
          null,
          null,
          null,
          null,
          null,
          null,
          null,
          null,
          null,
          null,
          null,
          null,
          null,
          null,
          null,
          null,
          null,
          null,
          null,
          null,
          null,
          null,
          null,
          null,
          null,
          null,
          1,
          null,
          1,
          1,
          1,
          1,
          1,
          1,
          null,
          null
        ]
      },
      "/home/daniel/poc/quake_log_parser/app/layers/services/quake_log_service.rb": {
        "lines": [
          1,
          1,
          1,
          1,
          1,
          1,
          1,
          null,
          1,
          0,
          0,
          null,
          null,
          1,
          null,
          1,
          1,
          1,
          5306,
          21,
          21,
          21,
          21,
          21,
          null,
          null,
          5285,
          200,
          200,
          200,
          914,
          200,
          200,
          null,
          null,
          5085,
          1069,
          1069,
          1069,
          null,
          1069,
          1069,
          null,
          1069,
          829,
          null,
          240,
          null,
          null,
          1069,
          null,
          null,
          null,
          null,
          1,
          null,
          1,
          5306,
          null,
          null,
          1,
          5285,
          null,
          null,
          1,
          5085,
          null,
          null,
          1,
          200,
          null,
          null,
          1,
          1069,
          null,
          null,
          1,
          1069,
          null,
          null,
          1,
          1069,
          null,
          null,
          1,
          1069,
          1069,
          1069,
          1069,
          null,
          null,
          1,
          1069,
          1069,
          null,
          1069,
          106,
          106,
          null,
          null,
          963,
          963,
          null,
          null,
          null
        ]
      },
      "/home/daniel/poc/quake_log_parser/app/layers/domain/interfaces/services/i_quake_log_service.rb": {
        "lines": [
          1,
          1,
          1,
          1,
          1,
          0,
          null,
          null,
          null,
          null,
          null
        ]
      },
      "/home/daniel/poc/quake_log_parser/app/layers/domain/dto/player_dto.rb": {
        "lines": [
          1,
          1,
          1,
          1,
          null,
          1,
          1,
          null,
          null,
          null,
          null
        ]
      }
    },
    "timestamp": 1652006751
  }
}
